# JRE version: OpenJDK Runtime Environment (17.0.10) (build 17.0.10+0--11572160)
# Java VM: OpenJDK 64-Bit Server VM (17.0.10+0--11572160, mixed mode, tiered, compressed oops, compressed class ptrs, g1 gc, windows-amd64)
GC Precious Log:
 CPUs: 16 total, 16 available
 Memory: 15724M
 Large Page Support: Disabled
 NUMA Support: Disabled
 Compressed Oops: Enabled (32-bit)
 Heap Region Size: 1M
 Heap Min Capacity: 8M
 Heap Initial Capacity: 246M
 Heap Max Capacity: 2G
 Pre-touch: Disabled
 Parallel Workers: 13
 Concurrent Workers: 3
 Concurrent Refinement Workers: 13
 Periodic GC: Disabled
Heap:
 garbage-first heap   total 357376K, used 155545K [0x0000000080000000, 0x0000000100000000)
  region size 1024K, 19 young (19456K), 19 survivors (19456K)
 Metaspace       used 140503K, committed 142784K, reserved 1179648K
  class space    used 19498K, committed 20608K, reserved 1048576K
GC Heap History (20 events):
Event: 1457.872 GC heap after
{Heap after GC invocations=86 (full 0):
 garbage-first heap   total 357376K, used 141614K [0x0000000080000000, 0x0000000100000000)
  region size 1024K, 3 young (3072K), 3 survivors (3072K)
 Metaspace       used 137588K, committed 139328K, reserved 1179648K
  class space    used 19107K, committed 19968K, reserved 1048576K
}
Event: 1470.173 GC heap before
{Heap before GC invocations=86 (full 0):
 garbage-first heap   total 357376K, used 294190K [0x0000000080000000, 0x0000000100000000)
  region size 1024K, 153 young (156672K), 3 survivors (3072K)
 Metaspace       used 137768K, committed 139520K, reserved 1179648K
  class space    used 19108K, committed 19968K, reserved 1048576K
}
Event: 1470.183 GC heap after
{Heap after GC invocations=87 (full 0):
 garbage-first heap   total 357376K, used 156195K [0x0000000080000000, 0x0000000100000000)
  region size 1024K, 17 young (17408K), 17 survivors (17408K)
 Metaspace       used 137768K, committed 139520K, reserved 1179648K
  class space    used 19108K, committed 19968K, reserved 1048576K
}
Event: 1492.717 GC heap before
{Heap before GC invocations=88 (full 0):
 garbage-first heap   total 357376K, used 284195K [0x0000000080000000, 0x0000000100000000)
  region size 1024K, 150 young (153600K), 17 survivors (17408K)
 Metaspace       used 137948K, committed 139648K, reserved 1179648K
  class space    used 19110K, committed 19968K, reserved 1048576K
}
Event: 1492.730 GC heap after
{Heap after GC invocations=89 (full 0):
 garbage-first heap   total 357376K, used 161150K [0x0000000080000000, 0x0000000100000000)
  region size 1024K, 14 young (14336K), 14 survivors (14336K)
 Metaspace       used 137948K, committed 139648K, reserved 1179648K
  class space    used 19110K, committed 19968K, reserved 1048576K
}
Event: 1492.733 GC heap before
{Heap before GC invocations=89 (full 0):
 garbage-first heap   total 357376K, used 163198K [0x0000000080000000, 0x0000000100000000)
  region size 1024K, 17 young (17408K), 14 survivors (14336K)
 Metaspace       used 137948K, committed 139648K, reserved 1179648K
  class space    used 19110K, committed 19968K, reserved 1048576K
}
Event: 1492.739 GC heap after
{Heap after GC invocations=90 (full 0):
 garbage-first heap   total 357376K, used 157206K [0x0000000080000000, 0x0000000100000000)
  region size 1024K, 2 young (2048K), 2 survivors (2048K)
 Metaspace       used 137948K, committed 139648K, reserved 1179648K
  class space    used 19110K, committed 19968K, reserved 1048576K
}
Event: 1548.848 GC heap before
{Heap before GC invocations=90 (full 0):
 garbage-first heap   total 357376K, used 288278K [0x0000000080000000, 0x0000000100000000)
  region size 1024K, 131 young (134144K), 2 survivors (2048K)
 Metaspace       used 138081K, committed 139776K, reserved 1179648K
  class space    used 19111K, committed 19968K, reserved 1048576K
}
Event: 1548.855 GC heap after
{Heap after GC invocations=91 (full 0):
 garbage-first heap   total 357376K, used 169086K [0x0000000080000000, 0x0000000100000000)
  region size 1024K, 14 young (14336K), 14 survivors (14336K)
 Metaspace       used 138081K, committed 139776K, reserved 1179648K
  class space    used 19111K, committed 19968K, reserved 1048576K
}
Event: 1639.240 GC heap before
{Heap before GC invocations=92 (full 0):
 garbage-first heap   total 357376K, used 275582K [0x0000000080000000, 0x0000000100000000)
  region size 1024K, 130 young (133120K), 14 survivors (14336K)
 Metaspace       used 138221K, committed 139968K, reserved 1179648K
  class space    used 19121K, committed 19968K, reserved 1048576K
}
Event: 1639.252 GC heap after
{Heap after GC invocations=93 (full 0):
 garbage-first heap   total 357376K, used 169279K [0x0000000080000000, 0x0000000100000000)
  region size 1024K, 13 young (13312K), 13 survivors (13312K)
 Metaspace       used 138221K, committed 139968K, reserved 1179648K
  class space    used 19121K, committed 19968K, reserved 1048576K
}
Event: 1639.263 GC heap before
{Heap before GC invocations=93 (full 0):
 garbage-first heap   total 357376K, used 173375K [0x0000000080000000, 0x0000000100000000)
  region size 1024K, 17 young (17408K), 13 survivors (13312K)
 Metaspace       used 138227K, committed 139968K, reserved 1179648K
  class space    used 19122K, committed 19968K, reserved 1048576K
}
Event: 1639.271 GC heap after
{Heap after GC invocations=94 (full 0):
 garbage-first heap   total 357376K, used 159526K [0x0000000080000000, 0x0000000100000000)
  region size 1024K, 3 young (3072K), 3 survivors (3072K)
 Metaspace       used 138227K, committed 139968K, reserved 1179648K
  class space    used 19122K, committed 19968K, reserved 1048576K
}
Event: 1648.055 GC heap before
{Heap before GC invocations=94 (full 0):
 garbage-first heap   total 357376K, used 284454K [0x0000000080000000, 0x0000000100000000)
  region size 1024K, 126 young (129024K), 3 survivors (3072K)
 Metaspace       used 138316K, committed 140032K, reserved 1179648K
  class space    used 19126K, committed 19968K, reserved 1048576K
}
Event: 1648.059 GC heap after
{Heap after GC invocations=95 (full 0):
 garbage-first heap   total 357376K, used 163707K [0x0000000080000000, 0x0000000100000000)
  region size 1024K, 7 young (7168K), 7 survivors (7168K)
 Metaspace       used 138316K, committed 140032K, reserved 1179648K
  class space    used 19126K, committed 19968K, reserved 1048576K
}
Event: 1718.544 GC heap before
{Heap before GC invocations=96 (full 0):
 garbage-first heap   total 357376K, used 333691K [0x0000000080000000, 0x0000000100000000)
  region size 1024K, 122 young (124928K), 7 survivors (7168K)
 Metaspace       used 139336K, committed 141312K, reserved 1179648K
  class space    used 19314K, committed 20288K, reserved 1048576K
}
Event: 1718.547 GC heap after
{Heap after GC invocations=97 (full 0):
 garbage-first heap   total 357376K, used 150089K [0x0000000080000000, 0x0000000100000000)
  region size 1024K, 5 young (5120K), 5 survivors (5120K)
 Metaspace       used 139336K, committed 141312K, reserved 1179648K
  class space    used 19314K, committed 20288K, reserved 1048576K
}
Event: 1718.592 GC heap before
{Heap before GC invocations=97 (full 0):
 garbage-first heap   total 357376K, used 161353K [0x0000000080000000, 0x0000000100000000)
  region size 1024K, 17 young (17408K), 5 survivors (5120K)
 Metaspace       used 139488K, committed 141568K, reserved 1179648K
  class space    used 19341K, committed 20352K, reserved 1048576K
}
Event: 1718.596 GC heap after
{Heap after GC invocations=98 (full 0):
 garbage-first heap   total 357376K, used 138138K [0x0000000080000000, 0x0000000100000000)
  region size 1024K, 2 young (2048K), 2 survivors (2048K)
 Metaspace       used 139488K, committed 141568K, reserved 1179648K
  class space    used 19341K, committed 20352K, reserved 1048576K
}
Event: 1725.034 GC heap before
{Heap before GC invocations=98 (full 0):
 garbage-first heap   total 357376K, used 288666K [0x0000000080000000, 0x0000000100000000)
  region size 1024K, 150 young (153600K), 2 survivors (2048K)
 Metaspace       used 140503K, committed 142784K, reserved 1179648K
  class space    used 19498K, committed 20608K, reserved 1048576K
}

