# JRE version: OpenJDK Runtime Environment (17.0.10) (build 17.0.10+0--11572160)
# Java VM: OpenJDK 64-Bit Server VM (17.0.10+0--11572160, mixed mode, tiered, compressed oops, compressed class ptrs, g1 gc, windows-amd64)
GC Precious Log:
 CPUs: 16 total, 16 available
 Memory: 15724M
 Large Page Support: Disabled
 NUMA Support: Disabled
 Compressed Oops: Enabled (32-bit)
 Heap Region Size: 1M
 Heap Min Capacity: 8M
 Heap Initial Capacity: 246M
 Heap Max Capacity: 2G
 Pre-touch: Disabled
 Parallel Workers: 13
 Concurrent Workers: 3
 Concurrent Refinement Workers: 13
 Periodic GC: Disabled
Heap:
 garbage-first heap   total 375808K, used 198337K [0x0000000080000000, 0x0000000100000000)
  region size 1024K, 19 young (19456K), 13 survivors (13312K)
 Metaspace       used 142748K, committed 144256K, reserved 1179648K
  class space    used 21167K, committed 21888K, reserved 1048576K
GC Heap History (20 events):
Event: 14.709 GC heap before
{Heap before GC invocations=45 (full 0):
 garbage-first heap   total 375808K, used 338743K [0x0000000080000000, 0x0000000100000000)
  region size 1024K, 170 young (174080K), 13 survivors (13312K)
 Metaspace       used 133982K, committed 134976K, reserved 1179648K
  class space    used 20191K, committed 20672K, reserved 1048576K
}
Event: 14.716 GC heap after
{Heap after GC invocations=46 (full 0):
 garbage-first heap   total 375808K, used 177893K [0x0000000080000000, 0x0000000100000000)
  region size 1024K, 7 young (7168K), 7 survivors (7168K)
 Metaspace       used 133982K, committed 134976K, reserved 1179648K
  class space    used 20191K, committed 20672K, reserved 1048576K
}
Event: 53.521 GC heap before
{Heap before GC invocations=47 (full 0):
 garbage-first heap   total 375808K, used 336613K [0x0000000080000000, 0x0000000100000000)
  region size 1024K, 139 young (142336K), 7 survivors (7168K)
 Metaspace       used 136098K, committed 137088K, reserved 1179648K
  class space    used 20438K, committed 20928K, reserved 1048576K
}
Event: 53.531 GC heap after
{Heap after GC invocations=48 (full 0):
 garbage-first heap   total 375808K, used 149077K [0x0000000080000000, 0x0000000100000000)
  region size 1024K, 18 young (18432K), 18 survivors (18432K)
 Metaspace       used 136098K, committed 137088K, reserved 1179648K
  class space    used 20438K, committed 20928K, reserved 1048576K
}
Event: 53.540 GC heap before
{Heap before GC invocations=48 (full 0):
 garbage-first heap   total 375808K, used 150101K [0x0000000080000000, 0x0000000100000000)
  region size 1024K, 19 young (19456K), 18 survivors (18432K)
 Metaspace       used 136154K, committed 137152K, reserved 1179648K
  class space    used 20448K, committed 20928K, reserved 1048576K
}
Event: 53.547 GC heap after
{Heap after GC invocations=49 (full 0):
 garbage-first heap   total 375808K, used 147931K [0x0000000080000000, 0x0000000100000000)
  region size 1024K, 3 young (3072K), 3 survivors (3072K)
 Metaspace       used 136154K, committed 137152K, reserved 1179648K
  class space    used 20448K, committed 20928K, reserved 1048576K
}
Event: 74.305 GC heap before
{Heap before GC invocations=49 (full 0):
 garbage-first heap   total 375808K, used 304603K [0x0000000080000000, 0x0000000100000000)
  region size 1024K, 157 young (160768K), 3 survivors (3072K)
 Metaspace       used 140351K, committed 141440K, reserved 1179648K
  class space    used 20967K, committed 21504K, reserved 1048576K
}
Event: 74.314 GC heap after
{Heap after GC invocations=50 (full 0):
 garbage-first heap   total 375808K, used 160737K [0x0000000080000000, 0x0000000100000000)
  region size 1024K, 15 young (15360K), 15 survivors (15360K)
 Metaspace       used 140351K, committed 141440K, reserved 1179648K
  class space    used 20967K, committed 21504K, reserved 1048576K
}
Event: 93.778 GC heap before
{Heap before GC invocations=50 (full 0):
 garbage-first heap   total 375808K, used 303073K [0x0000000080000000, 0x0000000100000000)
  region size 1024K, 155 young (158720K), 15 survivors (15360K)
 Metaspace       used 141033K, committed 142272K, reserved 1179648K
  class space    used 21022K, committed 21632K, reserved 1048576K
}
Event: 93.789 GC heap after
{Heap after GC invocations=51 (full 0):
 garbage-first heap   total 375808K, used 173749K [0x0000000080000000, 0x0000000100000000)
  region size 1024K, 14 young (14336K), 14 survivors (14336K)
 Metaspace       used 141033K, committed 142272K, reserved 1179648K
  class space    used 21022K, committed 21632K, reserved 1048576K
}
Event: 106.384 GC heap before
{Heap before GC invocations=51 (full 0):
 garbage-first heap   total 375808K, used 302773K [0x0000000080000000, 0x0000000100000000)
  region size 1024K, 141 young (144384K), 14 survivors (14336K)
 Metaspace       used 141401K, committed 142656K, reserved 1179648K
  class space    used 21042K, committed 21632K, reserved 1048576K
}
Event: 106.395 GC heap after
{Heap after GC invocations=52 (full 0):
 garbage-first heap   total 375808K, used 186844K [0x0000000080000000, 0x0000000100000000)
  region size 1024K, 14 young (14336K), 14 survivors (14336K)
 Metaspace       used 141401K, committed 142656K, reserved 1179648K
  class space    used 21042K, committed 21632K, reserved 1048576K
}
Event: 121.254 GC heap before
{Heap before GC invocations=53 (full 0):
 garbage-first heap   total 375808K, used 302556K [0x0000000080000000, 0x0000000100000000)
  region size 1024K, 129 young (132096K), 14 survivors (14336K)
 Metaspace       used 141576K, committed 142784K, reserved 1179648K
  class space    used 21006K, committed 21632K, reserved 1048576K
}
Event: 121.263 GC heap after
{Heap after GC invocations=54 (full 0):
 garbage-first heap   total 375808K, used 196966K [0x0000000080000000, 0x0000000100000000)
  region size 1024K, 13 young (13312K), 13 survivors (13312K)
 Metaspace       used 141576K, committed 142784K, reserved 1179648K
  class space    used 21006K, committed 21632K, reserved 1048576K
}
Event: 121.269 GC heap before
{Heap before GC invocations=54 (full 0):
 garbage-first heap   total 375808K, used 201062K [0x0000000080000000, 0x0000000100000000)
  region size 1024K, 18 young (18432K), 13 survivors (13312K)
 Metaspace       used 141576K, committed 142784K, reserved 1179648K
  class space    used 21006K, committed 21632K, reserved 1048576K
}
Event: 121.280 GC heap after
{Heap after GC invocations=55 (full 0):
 garbage-first heap   total 375808K, used 170912K [0x0000000080000000, 0x0000000100000000)
  region size 1024K, 3 young (3072K), 3 survivors (3072K)
 Metaspace       used 141576K, committed 142784K, reserved 1179648K
  class space    used 21006K, committed 21632K, reserved 1048576K
}
Event: 153.630 GC heap before
{Heap before GC invocations=55 (full 0):
 garbage-first heap   total 375808K, used 300960K [0x0000000080000000, 0x0000000100000000)
  region size 1024K, 131 young (134144K), 3 survivors (3072K)
 Metaspace       used 141933K, committed 143168K, reserved 1179648K
  class space    used 21008K, committed 21632K, reserved 1048576K
}
Event: 153.638 GC heap after
{Heap after GC invocations=56 (full 0):
 garbage-first heap   total 375808K, used 181908K [0x0000000080000000, 0x0000000100000000)
  region size 1024K, 14 young (14336K), 14 survivors (14336K)
 Metaspace       used 141933K, committed 143168K, reserved 1179648K
  class space    used 21008K, committed 21632K, reserved 1048576K
}
Event: 168.248 GC heap before
{Heap before GC invocations=56 (full 0):
 garbage-first heap   total 375808K, used 300692K [0x0000000080000000, 0x0000000100000000)
  region size 1024K, 131 young (134144K), 14 survivors (14336K)
 Metaspace       used 142663K, committed 144064K, reserved 1179648K
  class space    used 21153K, committed 21824K, reserved 1048576K
}
Event: 168.260 GC heap after
{Heap after GC invocations=57 (full 0):
 garbage-first heap   total 375808K, used 194241K [0x0000000080000000, 0x0000000100000000)
  region size 1024K, 13 young (13312K), 13 survivors (13312K)
 Metaspace       used 142663K, committed 144064K, reserved 1179648K
  class space    used 21153K, committed 21824K, reserved 1048576K
}

